<?xml version="1.0" encoding="UTF-8"?>
<testsuite xmlns:xsi="http://www.w3.org/2001/XMLSchema-instance" xsi:noNamespaceSchemaLocation="https://maven.apache.org/surefire/maven-surefire-plugin/xsd/surefire-test-report-3.0.xsd" version="3.0" name="TestSuite" time="251.872" tests="7" errors="0" skipped="0" failures="1">
  <properties>
    <property name="java.specification.version" value="21"/>
    <property name="webdriver.chrome.driver" value="./Drivers\chromedriver.exe"/>
    <property name="sun.cpu.isalist" value="amd64"/>
    <property name="sun.jnu.encoding" value="Cp1252"/>
    <property name="java.class.path" value="C:\Users\sndpt\OneDrive\Desktop\testingpr\inetBankingV2\target\test-classes;C:\Users\sndpt\OneDrive\Desktop\testingpr\inetBankingV2\target\classes;C:\WINDOWS\system32\config\systemprofile\.m2\repository\junit\junit\4.11\junit-4.11.jar;C:\WINDOWS\system32\config\systemprofile\.m2\repository\org\hamcrest\hamcrest-core\1.3\hamcrest-core-1.3.jar;C:\WINDOWS\system32\config\systemprofile\.m2\repository\org\seleniumhq\selenium\selenium-java\4.21.0\selenium-java-4.21.0.jar;C:\WINDOWS\system32\config\systemprofile\.m2\repository\org\seleniumhq\selenium\selenium-api\4.21.0\selenium-api-4.21.0.jar;C:\WINDOWS\system32\config\systemprofile\.m2\repository\org\seleniumhq\selenium\selenium-chrome-driver\4.21.0\selenium-chrome-driver-4.21.0.jar;C:\WINDOWS\system32\config\systemprofile\.m2\repository\com\google\auto\service\auto-service-annotations\1.1.1\auto-service-annotations-1.1.1.jar;C:\WINDOWS\system32\config\systemprofile\.m2\repository\org\seleniumhq\selenium\selenium-chromium-driver\4.21.0\selenium-chromium-driver-4.21.0.jar;C:\WINDOWS\system32\config\systemprofile\.m2\repository\org\seleniumhq\selenium\selenium-json\4.21.0\selenium-json-4.21.0.jar;C:\WINDOWS\system32\config\systemprofile\.m2\repository\org\seleniumhq\selenium\selenium-manager\4.21.0\selenium-manager-4.21.0.jar;C:\WINDOWS\system32\config\systemprofile\.m2\repository\org\seleniumhq\selenium\selenium-devtools-v123\4.21.0\selenium-devtools-v123-4.21.0.jar;C:\WINDOWS\system32\config\systemprofile\.m2\repository\org\seleniumhq\selenium\selenium-devtools-v124\4.21.0\selenium-devtools-v124-4.21.0.jar;C:\WINDOWS\system32\config\systemprofile\.m2\repository\org\seleniumhq\selenium\selenium-devtools-v125\4.21.0\selenium-devtools-v125-4.21.0.jar;C:\WINDOWS\system32\config\systemprofile\.m2\repository\org\seleniumhq\selenium\selenium-devtools-v85\4.21.0\selenium-devtools-v85-4.21.0.jar;C:\WINDOWS\system32\config\systemprofile\.m2\repository\org\seleniumhq\selenium\selenium-edge-driver\4.21.0\selenium-edge-driver-4.21.0.jar;C:\WINDOWS\system32\config\systemprofile\.m2\repository\org\seleniumhq\selenium\selenium-firefox-driver\4.21.0\selenium-firefox-driver-4.21.0.jar;C:\WINDOWS\system32\config\systemprofile\.m2\repository\org\seleniumhq\selenium\selenium-http\4.21.0\selenium-http-4.21.0.jar;C:\WINDOWS\system32\config\systemprofile\.m2\repository\dev\failsafe\failsafe\3.3.2\failsafe-3.3.2.jar;C:\WINDOWS\system32\config\systemprofile\.m2\repository\org\seleniumhq\selenium\selenium-ie-driver\4.21.0\selenium-ie-driver-4.21.0.jar;C:\WINDOWS\system32\config\systemprofile\.m2\repository\org\seleniumhq\selenium\selenium-remote-driver\4.21.0\selenium-remote-driver-4.21.0.jar;C:\WINDOWS\system32\config\systemprofile\.m2\repository\com\google\guava\guava\33.2.0-jre\guava-33.2.0-jre.jar;C:\WINDOWS\system32\config\systemprofile\.m2\repository\com\google\guava\failureaccess\1.0.2\failureaccess-1.0.2.jar;C:\WINDOWS\system32\config\systemprofile\.m2\repository\com\google\guava\listenablefuture\9999.0-empty-to-avoid-conflict-with-guava\listenablefuture-9999.0-empty-to-avoid-conflict-with-guava.jar;C:\WINDOWS\system32\config\systemprofile\.m2\repository\com\google\code\findbugs\jsr305\3.0.2\jsr305-3.0.2.jar;C:\WINDOWS\system32\config\systemprofile\.m2\repository\org\checkerframework\checker-qual\3.42.0\checker-qual-3.42.0.jar;C:\WINDOWS\system32\config\systemprofile\.m2\repository\com\google\errorprone\error_prone_annotations\2.26.1\error_prone_annotations-2.26.1.jar;C:\WINDOWS\system32\config\systemprofile\.m2\repository\com\google\j2objc\j2objc-annotations\3.0.0\j2objc-annotations-3.0.0.jar;C:\WINDOWS\system32\config\systemprofile\.m2\repository\io\opentelemetry\semconv\opentelemetry-semconv\1.25.0-alpha\opentelemetry-semconv-1.25.0-alpha.jar;C:\WINDOWS\system32\config\systemprofile\.m2\repository\io\opentelemetry\opentelemetry-api\1.38.0\opentelemetry-api-1.38.0.jar;C:\WINDOWS\system32\config\systemprofile\.m2\repository\io\opentelemetry\opentelemetry-context\1.38.0\opentelemetry-context-1.38.0.jar;C:\WINDOWS\system32\config\systemprofile\.m2\repository\io\opentelemetry\opentelemetry-exporter-logging\1.38.0\opentelemetry-exporter-logging-1.38.0.jar;C:\WINDOWS\system32\config\systemprofile\.m2\repository\io\opentelemetry\opentelemetry-sdk-common\1.38.0\opentelemetry-sdk-common-1.38.0.jar;C:\WINDOWS\system32\config\systemprofile\.m2\repository\io\opentelemetry\opentelemetry-sdk-extension-autoconfigure-spi\1.38.0\opentelemetry-sdk-extension-autoconfigure-spi-1.38.0.jar;C:\WINDOWS\system32\config\systemprofile\.m2\repository\io\opentelemetry\opentelemetry-sdk-extension-autoconfigure\1.38.0\opentelemetry-sdk-extension-autoconfigure-1.38.0.jar;C:\WINDOWS\system32\config\systemprofile\.m2\repository\io\opentelemetry\opentelemetry-api-incubator\1.38.0-alpha\opentelemetry-api-incubator-1.38.0-alpha.jar;C:\WINDOWS\system32\config\systemprofile\.m2\repository\io\opentelemetry\opentelemetry-sdk-trace\1.38.0\opentelemetry-sdk-trace-1.38.0.jar;C:\WINDOWS\system32\config\systemprofile\.m2\repository\io\opentelemetry\opentelemetry-sdk\1.38.0\opentelemetry-sdk-1.38.0.jar;C:\WINDOWS\system32\config\systemprofile\.m2\repository\io\opentelemetry\opentelemetry-sdk-metrics\1.38.0\opentelemetry-sdk-metrics-1.38.0.jar;C:\WINDOWS\system32\config\systemprofile\.m2\repository\io\opentelemetry\opentelemetry-sdk-logs\1.38.0\opentelemetry-sdk-logs-1.38.0.jar;C:\WINDOWS\system32\config\systemprofile\.m2\repository\net\bytebuddy\byte-buddy\1.14.15\byte-buddy-1.14.15.jar;C:\WINDOWS\system32\config\systemprofile\.m2\repository\org\seleniumhq\selenium\selenium-os\4.21.0\selenium-os-4.21.0.jar;C:\WINDOWS\system32\config\systemprofile\.m2\repository\org\apache\commons\commons-exec\1.4.0\commons-exec-1.4.0.jar;C:\WINDOWS\system32\config\systemprofile\.m2\repository\org\seleniumhq\selenium\selenium-safari-driver\4.21.0\selenium-safari-driver-4.21.0.jar;C:\WINDOWS\system32\config\systemprofile\.m2\repository\org\seleniumhq\selenium\selenium-support\4.21.0\selenium-support-4.21.0.jar;C:\WINDOWS\system32\config\systemprofile\.m2\repository\org\testng\testng\7.9.0\testng-7.9.0.jar;C:\WINDOWS\system32\config\systemprofile\.m2\repository\com\beust\jcommander\1.82\jcommander-1.82.jar;C:\WINDOWS\system32\config\systemprofile\.m2\repository\org\webjars\jquery\3.7.1\jquery-3.7.1.jar;C:\WINDOWS\system32\config\systemprofile\.m2\repository\org\apache\poi\poi\5.2.2\poi-5.2.2.jar;C:\WINDOWS\system32\config\systemprofile\.m2\repository\commons-codec\commons-codec\1.15\commons-codec-1.15.jar;C:\WINDOWS\system32\config\systemprofile\.m2\repository\org\apache\commons\commons-collections4\4.4\commons-collections4-4.4.jar;C:\WINDOWS\system32\config\systemprofile\.m2\repository\org\apache\commons\commons-math3\3.6.1\commons-math3-3.6.1.jar;C:\WINDOWS\system32\config\systemprofile\.m2\repository\com\zaxxer\SparseBitSet\1.2\SparseBitSet-1.2.jar;C:\WINDOWS\system32\config\systemprofile\.m2\repository\org\apache\poi\poi-ooxml\5.2.2\poi-ooxml-5.2.2.jar;C:\WINDOWS\system32\config\systemprofile\.m2\repository\org\apache\poi\poi-ooxml-lite\5.2.2\poi-ooxml-lite-5.2.2.jar;C:\WINDOWS\system32\config\systemprofile\.m2\repository\org\apache\xmlbeans\xmlbeans\5.0.3\xmlbeans-5.0.3.jar;C:\WINDOWS\system32\config\systemprofile\.m2\repository\org\apache\commons\commons-compress\1.21\commons-compress-1.21.jar;C:\WINDOWS\system32\config\systemprofile\.m2\repository\com\github\virtuald\curvesapi\1.07\curvesapi-1.07.jar;C:\WINDOWS\system32\config\systemprofile\.m2\repository\org\apache\commons\commons-lang3\3.0\commons-lang3-3.0.jar;C:\WINDOWS\system32\config\systemprofile\.m2\repository\commons-io\commons-io\2.11.0\commons-io-2.11.0.jar;C:\WINDOWS\system32\config\systemprofile\.m2\repository\com\aventstack\extentreports\5.0.9\extentreports-5.0.9.jar;C:\WINDOWS\system32\config\systemprofile\.m2\repository\io\reactivex\rxjava3\rxjava\3.0.4\rxjava-3.0.4.jar;C:\WINDOWS\system32\config\systemprofile\.m2\repository\org\reactivestreams\reactive-streams\1.0.3\reactive-streams-1.0.3.jar;C:\WINDOWS\system32\config\systemprofile\.m2\repository\org\freemarker\freemarker\2.3.30\freemarker-2.3.30.jar;C:\WINDOWS\system32\config\systemprofile\.m2\repository\com\google\code\gson\gson\2.8.6\gson-2.8.6.jar;C:\WINDOWS\system32\config\systemprofile\.m2\repository\org\sikuli\sikuli-api\1.2.0\sikuli-api-1.2.0.jar;C:\WINDOWS\system32\config\systemprofile\.m2\repository\org\sikuli\sikuli-core\1.2.2\sikuli-core-1.2.2.jar;C:\WINDOWS\system32\config\systemprofile\.m2\repository\org\bytedeco\javacpp\0.9\javacpp-0.9.jar;C:\WINDOWS\system32\config\systemprofile\.m2\repository\org\bytedeco\javacpp-presets\opencv\2.4.9-0.9\opencv-2.4.9-0.9.jar;C:\WINDOWS\system32\config\systemprofile\.m2\repository\org\piccolo2d\piccolo2d-extras\1.3.1\piccolo2d-extras-1.3.1.jar;C:\WINDOWS\system32\config\systemprofile\.m2\repository\org\piccolo2d\piccolo2d-core\1.3.1\piccolo2d-core-1.3.1.jar;C:\WINDOWS\system32\config\systemprofile\.m2\repository\org\apache\logging\log4j\log4j-api\2.17.0\log4j-api-2.17.0.jar;C:\WINDOWS\system32\config\systemprofile\.m2\repository\org\apache\logging\log4j\log4j-core\2.17.0\log4j-core-2.17.0.jar;C:\WINDOWS\system32\config\systemprofile\.m2\repository\org\slf4j\slf4j-api\1.7.32\slf4j-api-1.7.32.jar;C:\WINDOWS\system32\config\systemprofile\.m2\repository\ch\qos\logback\logback-classic\1.2.6\logback-classic-1.2.6.jar;C:\WINDOWS\system32\config\systemprofile\.m2\repository\ch\qos\logback\logback-core\1.2.6\logback-core-1.2.6.jar;C:\WINDOWS\system32\config\systemprofile\.m2\repository\org\projectlombok\lombok\1.18.22\lombok-1.18.22.jar;"/>
    <property name="java.vm.vendor" value="Oracle Corporation"/>
    <property name="sun.arch.data.model" value="64"/>
    <property name="user.variant" value=""/>
    <property name="java.vendor.url" value="https://java.oracle.com/"/>
    <property name="user.timezone" value="Asia/Calcutta"/>
    <property name="os.name" value="Windows 11"/>
    <property name="java.vm.specification.version" value="21"/>
    <property name="sun.java.launcher" value="SUN_STANDARD"/>
    <property name="user.country" value="IN"/>
    <property name="sun.boot.library.path" value="C:\Program Files\Java\jdk-21\bin"/>
    <property name="sun.java.command" value="C:\Windows\Temp\surefire7645783389398248333\surefirebooter-20240601003925699_3.jar C:\Windows\Temp\surefire7645783389398248333 2024-06-01T00-39-24_826-jvmRun1 surefire-20240601003925699_1tmp surefire_0-20240601003925699_2tmp"/>
    <property name="jdk.debug" value="release"/>
    <property name="surefire.test.class.path" value="C:\Users\sndpt\OneDrive\Desktop\testingpr\inetBankingV2\target\test-classes;C:\Users\sndpt\OneDrive\Desktop\testingpr\inetBankingV2\target\classes;C:\WINDOWS\system32\config\systemprofile\.m2\repository\junit\junit\4.11\junit-4.11.jar;C:\WINDOWS\system32\config\systemprofile\.m2\repository\org\hamcrest\hamcrest-core\1.3\hamcrest-core-1.3.jar;C:\WINDOWS\system32\config\systemprofile\.m2\repository\org\seleniumhq\selenium\selenium-java\4.21.0\selenium-java-4.21.0.jar;C:\WINDOWS\system32\config\systemprofile\.m2\repository\org\seleniumhq\selenium\selenium-api\4.21.0\selenium-api-4.21.0.jar;C:\WINDOWS\system32\config\systemprofile\.m2\repository\org\seleniumhq\selenium\selenium-chrome-driver\4.21.0\selenium-chrome-driver-4.21.0.jar;C:\WINDOWS\system32\config\systemprofile\.m2\repository\com\google\auto\service\auto-service-annotations\1.1.1\auto-service-annotations-1.1.1.jar;C:\WINDOWS\system32\config\systemprofile\.m2\repository\org\seleniumhq\selenium\selenium-chromium-driver\4.21.0\selenium-chromium-driver-4.21.0.jar;C:\WINDOWS\system32\config\systemprofile\.m2\repository\org\seleniumhq\selenium\selenium-json\4.21.0\selenium-json-4.21.0.jar;C:\WINDOWS\system32\config\systemprofile\.m2\repository\org\seleniumhq\selenium\selenium-manager\4.21.0\selenium-manager-4.21.0.jar;C:\WINDOWS\system32\config\systemprofile\.m2\repository\org\seleniumhq\selenium\selenium-devtools-v123\4.21.0\selenium-devtools-v123-4.21.0.jar;C:\WINDOWS\system32\config\systemprofile\.m2\repository\org\seleniumhq\selenium\selenium-devtools-v124\4.21.0\selenium-devtools-v124-4.21.0.jar;C:\WINDOWS\system32\config\systemprofile\.m2\repository\org\seleniumhq\selenium\selenium-devtools-v125\4.21.0\selenium-devtools-v125-4.21.0.jar;C:\WINDOWS\system32\config\systemprofile\.m2\repository\org\seleniumhq\selenium\selenium-devtools-v85\4.21.0\selenium-devtools-v85-4.21.0.jar;C:\WINDOWS\system32\config\systemprofile\.m2\repository\org\seleniumhq\selenium\selenium-edge-driver\4.21.0\selenium-edge-driver-4.21.0.jar;C:\WINDOWS\system32\config\systemprofile\.m2\repository\org\seleniumhq\selenium\selenium-firefox-driver\4.21.0\selenium-firefox-driver-4.21.0.jar;C:\WINDOWS\system32\config\systemprofile\.m2\repository\org\seleniumhq\selenium\selenium-http\4.21.0\selenium-http-4.21.0.jar;C:\WINDOWS\system32\config\systemprofile\.m2\repository\dev\failsafe\failsafe\3.3.2\failsafe-3.3.2.jar;C:\WINDOWS\system32\config\systemprofile\.m2\repository\org\seleniumhq\selenium\selenium-ie-driver\4.21.0\selenium-ie-driver-4.21.0.jar;C:\WINDOWS\system32\config\systemprofile\.m2\repository\org\seleniumhq\selenium\selenium-remote-driver\4.21.0\selenium-remote-driver-4.21.0.jar;C:\WINDOWS\system32\config\systemprofile\.m2\repository\com\google\guava\guava\33.2.0-jre\guava-33.2.0-jre.jar;C:\WINDOWS\system32\config\systemprofile\.m2\repository\com\google\guava\failureaccess\1.0.2\failureaccess-1.0.2.jar;C:\WINDOWS\system32\config\systemprofile\.m2\repository\com\google\guava\listenablefuture\9999.0-empty-to-avoid-conflict-with-guava\listenablefuture-9999.0-empty-to-avoid-conflict-with-guava.jar;C:\WINDOWS\system32\config\systemprofile\.m2\repository\com\google\code\findbugs\jsr305\3.0.2\jsr305-3.0.2.jar;C:\WINDOWS\system32\config\systemprofile\.m2\repository\org\checkerframework\checker-qual\3.42.0\checker-qual-3.42.0.jar;C:\WINDOWS\system32\config\systemprofile\.m2\repository\com\google\errorprone\error_prone_annotations\2.26.1\error_prone_annotations-2.26.1.jar;C:\WINDOWS\system32\config\systemprofile\.m2\repository\com\google\j2objc\j2objc-annotations\3.0.0\j2objc-annotations-3.0.0.jar;C:\WINDOWS\system32\config\systemprofile\.m2\repository\io\opentelemetry\semconv\opentelemetry-semconv\1.25.0-alpha\opentelemetry-semconv-1.25.0-alpha.jar;C:\WINDOWS\system32\config\systemprofile\.m2\repository\io\opentelemetry\opentelemetry-api\1.38.0\opentelemetry-api-1.38.0.jar;C:\WINDOWS\system32\config\systemprofile\.m2\repository\io\opentelemetry\opentelemetry-context\1.38.0\opentelemetry-context-1.38.0.jar;C:\WINDOWS\system32\config\systemprofile\.m2\repository\io\opentelemetry\opentelemetry-exporter-logging\1.38.0\opentelemetry-exporter-logging-1.38.0.jar;C:\WINDOWS\system32\config\systemprofile\.m2\repository\io\opentelemetry\opentelemetry-sdk-common\1.38.0\opentelemetry-sdk-common-1.38.0.jar;C:\WINDOWS\system32\config\systemprofile\.m2\repository\io\opentelemetry\opentelemetry-sdk-extension-autoconfigure-spi\1.38.0\opentelemetry-sdk-extension-autoconfigure-spi-1.38.0.jar;C:\WINDOWS\system32\config\systemprofile\.m2\repository\io\opentelemetry\opentelemetry-sdk-extension-autoconfigure\1.38.0\opentelemetry-sdk-extension-autoconfigure-1.38.0.jar;C:\WINDOWS\system32\config\systemprofile\.m2\repository\io\opentelemetry\opentelemetry-api-incubator\1.38.0-alpha\opentelemetry-api-incubator-1.38.0-alpha.jar;C:\WINDOWS\system32\config\systemprofile\.m2\repository\io\opentelemetry\opentelemetry-sdk-trace\1.38.0\opentelemetry-sdk-trace-1.38.0.jar;C:\WINDOWS\system32\config\systemprofile\.m2\repository\io\opentelemetry\opentelemetry-sdk\1.38.0\opentelemetry-sdk-1.38.0.jar;C:\WINDOWS\system32\config\systemprofile\.m2\repository\io\opentelemetry\opentelemetry-sdk-metrics\1.38.0\opentelemetry-sdk-metrics-1.38.0.jar;C:\WINDOWS\system32\config\systemprofile\.m2\repository\io\opentelemetry\opentelemetry-sdk-logs\1.38.0\opentelemetry-sdk-logs-1.38.0.jar;C:\WINDOWS\system32\config\systemprofile\.m2\repository\net\bytebuddy\byte-buddy\1.14.15\byte-buddy-1.14.15.jar;C:\WINDOWS\system32\config\systemprofile\.m2\repository\org\seleniumhq\selenium\selenium-os\4.21.0\selenium-os-4.21.0.jar;C:\WINDOWS\system32\config\systemprofile\.m2\repository\org\apache\commons\commons-exec\1.4.0\commons-exec-1.4.0.jar;C:\WINDOWS\system32\config\systemprofile\.m2\repository\org\seleniumhq\selenium\selenium-safari-driver\4.21.0\selenium-safari-driver-4.21.0.jar;C:\WINDOWS\system32\config\systemprofile\.m2\repository\org\seleniumhq\selenium\selenium-support\4.21.0\selenium-support-4.21.0.jar;C:\WINDOWS\system32\config\systemprofile\.m2\repository\org\testng\testng\7.9.0\testng-7.9.0.jar;C:\WINDOWS\system32\config\systemprofile\.m2\repository\com\beust\jcommander\1.82\jcommander-1.82.jar;C:\WINDOWS\system32\config\systemprofile\.m2\repository\org\webjars\jquery\3.7.1\jquery-3.7.1.jar;C:\WINDOWS\system32\config\systemprofile\.m2\repository\org\apache\poi\poi\5.2.2\poi-5.2.2.jar;C:\WINDOWS\system32\config\systemprofile\.m2\repository\commons-codec\commons-codec\1.15\commons-codec-1.15.jar;C:\WINDOWS\system32\config\systemprofile\.m2\repository\org\apache\commons\commons-collections4\4.4\commons-collections4-4.4.jar;C:\WINDOWS\system32\config\systemprofile\.m2\repository\org\apache\commons\commons-math3\3.6.1\commons-math3-3.6.1.jar;C:\WINDOWS\system32\config\systemprofile\.m2\repository\com\zaxxer\SparseBitSet\1.2\SparseBitSet-1.2.jar;C:\WINDOWS\system32\config\systemprofile\.m2\repository\org\apache\poi\poi-ooxml\5.2.2\poi-ooxml-5.2.2.jar;C:\WINDOWS\system32\config\systemprofile\.m2\repository\org\apache\poi\poi-ooxml-lite\5.2.2\poi-ooxml-lite-5.2.2.jar;C:\WINDOWS\system32\config\systemprofile\.m2\repository\org\apache\xmlbeans\xmlbeans\5.0.3\xmlbeans-5.0.3.jar;C:\WINDOWS\system32\config\systemprofile\.m2\repository\org\apache\commons\commons-compress\1.21\commons-compress-1.21.jar;C:\WINDOWS\system32\config\systemprofile\.m2\repository\com\github\virtuald\curvesapi\1.07\curvesapi-1.07.jar;C:\WINDOWS\system32\config\systemprofile\.m2\repository\org\apache\commons\commons-lang3\3.0\commons-lang3-3.0.jar;C:\WINDOWS\system32\config\systemprofile\.m2\repository\commons-io\commons-io\2.11.0\commons-io-2.11.0.jar;C:\WINDOWS\system32\config\systemprofile\.m2\repository\com\aventstack\extentreports\5.0.9\extentreports-5.0.9.jar;C:\WINDOWS\system32\config\systemprofile\.m2\repository\io\reactivex\rxjava3\rxjava\3.0.4\rxjava-3.0.4.jar;C:\WINDOWS\system32\config\systemprofile\.m2\repository\org\reactivestreams\reactive-streams\1.0.3\reactive-streams-1.0.3.jar;C:\WINDOWS\system32\config\systemprofile\.m2\repository\org\freemarker\freemarker\2.3.30\freemarker-2.3.30.jar;C:\WINDOWS\system32\config\systemprofile\.m2\repository\com\google\code\gson\gson\2.8.6\gson-2.8.6.jar;C:\WINDOWS\system32\config\systemprofile\.m2\repository\org\sikuli\sikuli-api\1.2.0\sikuli-api-1.2.0.jar;C:\WINDOWS\system32\config\systemprofile\.m2\repository\org\sikuli\sikuli-core\1.2.2\sikuli-core-1.2.2.jar;C:\WINDOWS\system32\config\systemprofile\.m2\repository\org\bytedeco\javacpp\0.9\javacpp-0.9.jar;C:\WINDOWS\system32\config\systemprofile\.m2\repository\org\bytedeco\javacpp-presets\opencv\2.4.9-0.9\opencv-2.4.9-0.9.jar;C:\WINDOWS\system32\config\systemprofile\.m2\repository\org\piccolo2d\piccolo2d-extras\1.3.1\piccolo2d-extras-1.3.1.jar;C:\WINDOWS\system32\config\systemprofile\.m2\repository\org\piccolo2d\piccolo2d-core\1.3.1\piccolo2d-core-1.3.1.jar;C:\WINDOWS\system32\config\systemprofile\.m2\repository\org\apache\logging\log4j\log4j-api\2.17.0\log4j-api-2.17.0.jar;C:\WINDOWS\system32\config\systemprofile\.m2\repository\org\apache\logging\log4j\log4j-core\2.17.0\log4j-core-2.17.0.jar;C:\WINDOWS\system32\config\systemprofile\.m2\repository\org\slf4j\slf4j-api\1.7.32\slf4j-api-1.7.32.jar;C:\WINDOWS\system32\config\systemprofile\.m2\repository\ch\qos\logback\logback-classic\1.2.6\logback-classic-1.2.6.jar;C:\WINDOWS\system32\config\systemprofile\.m2\repository\ch\qos\logback\logback-core\1.2.6\logback-core-1.2.6.jar;C:\WINDOWS\system32\config\systemprofile\.m2\repository\org\projectlombok\lombok\1.18.22\lombok-1.18.22.jar;"/>
    <property name="sun.cpu.endian" value="little"/>
    <property name="user.home" value="C:\WINDOWS\system32\config\systemprofile"/>
    <property name="user.language" value="en"/>
    <property name="java.specification.vendor" value="Oracle Corporation"/>
    <property name="java.version.date" value="2024-01-16"/>
    <property name="java.home" value="C:\Program Files\Java\jdk-21"/>
    <property name="file.separator" value="\"/>
    <property name="basedir" value="C:\Users\sndpt\OneDrive\Desktop\testingpr\inetBankingV2"/>
    <property name="java.vm.compressedOopsMode" value="32-bit"/>
    <property name="line.separator" value="&#10;"/>
    <property name="java.vm.specification.vendor" value="Oracle Corporation"/>
    <property name="java.specification.name" value="Java Platform API Specification"/>
    <property name="surefire.real.class.path" value="C:\Windows\Temp\surefire7645783389398248333\surefirebooter-20240601003925699_3.jar"/>
    <property name="user.script" value=""/>
    <property name="sun.management.compiler" value="HotSpot 64-Bit Tiered Compilers"/>
    <property name="java.runtime.version" value="21.0.2+13-LTS-58"/>
    <property name="user.name" value="LAPTOP-OO2KNHIE$"/>
    <property name="stdout.encoding" value="Cp1252"/>
    <property name="path.separator" value=";"/>
    <property name="os.version" value="10.0"/>
    <property name="java.runtime.name" value="Java(TM) SE Runtime Environment"/>
    <property name="file.encoding" value="UTF-8"/>
    <property name="java.vm.name" value="Java HotSpot(TM) 64-Bit Server VM"/>
    <property name="localRepository" value="C:\WINDOWS\system32\config\systemprofile\.m2\repository"/>
    <property name="java.vendor.url.bug" value="https://bugreport.java.com/bugreport/"/>
    <property name="java.io.tmpdir" value="C:\WINDOWS\TEMP\"/>
    <property name="java.version" value="21.0.2"/>
    <property name="user.dir" value="C:\Users\sndpt\OneDrive\Desktop\testingpr\inetBankingV2"/>
    <property name="os.arch" value="amd64"/>
    <property name="java.vm.specification.name" value="Java Virtual Machine Specification"/>
    <property name="sun.os.patch.level" value=""/>
    <property name="native.encoding" value="Cp1252"/>
    <property name="java.library.path" value="C:\Program Files\Java\jdk-21\bin;C:\WINDOWS\Sun\Java\bin;C:\WINDOWS\system32;C:\WINDOWS;C:\ProgramData\Jenkins\.jenkins\tools\hudson.tasks.Maven_MavenInstallation\Maven/bin;C:\Program Files\Java\jdk-21/bin;C:\Program Files\Java\jdk-21/bin;C:\Program Files\Common Files\Oracle\Java\javapath;C:\Program Files\Python310\Scripts\;C:\Program Files\Python310\;C:\WINDOWS\system32;C:\WINDOWS;C:\WINDOWS\System32\Wbem;C:\WINDOWS\System32\WindowsPowerShell\v1.0\;C:\WINDOWS\System32\OpenSSH\;C:\Program Files\Microsoft SQL Server\150\Tools\Binn\;C:\MinGW\bin;C:\Program Files\Git\cmd;C:\Program Files\Docker\Docker\resources\bin;C:\Program Files\apache-maven-3.8.8\bin;C:\Program Files\HP\HP One Agent;C:\Program Files\nodejs\node_modules\npm\bin\;C:\ProgramData\chocolatey\bin;C:\Users\sndpt\AppData\Local\Programs\Python\Python311-32\Scripts\;C:\apache-maven-3.9.7\bin;C:\apache-maven-3.9.7\bin\bin;C:\Program Files\Java\jdk-17\bin;c:\users\sndpt\appdata\roaming\python\python310\site-packages;C:\WINDOWS\system32\config\systemprofile\AppData\Local\Microsoft\WindowsApps;."/>
    <property name="java.vm.info" value="mixed mode, sharing"/>
    <property name="stderr.encoding" value="Cp1252"/>
    <property name="java.vendor" value="Oracle Corporation"/>
    <property name="java.vm.version" value="21.0.2+13-LTS-58"/>
    <property name="sun.io.unicode.encoding" value="UnicodeLittle"/>
    <property name="java.class.version" value="65.0"/>
  </properties>
  <testcase name="loginTest" classname="com.inetBanking.testCases.TC_LoginTest_001" time="2.008">
    <system-out><![CDATA[00:39:33.818 [main] DEBUG org.testng.TestNG - suiteXmlPath: "C:\Users\sndpt\OneDrive\Desktop\testingpr\inetBankingV2\TestNG.xml"
00:39:44.705 [main] INFO  com.inetBanking.testCases.BaseClass - setup method started
00:39:44.714 [main] INFO  com.inetBanking.testCases.BaseClass - Initializing WebDriver for browser: chrome
00:40:34.143 [main] INFO  com.inetBanking.testCases.BaseClass - URL is opened
00:40:34.444 [main] INFO  com.inetBanking.testCases.BaseClass - Entered username
00:40:34.583 [main] INFO  com.inetBanking.testCases.BaseClass - Entered password
00:40:35.933 [main] INFO  com.inetBanking.testCases.BaseClass - Login test passed
]]></system-out>
  </testcase>
  <testcase name="loginDDT[jukoihk, Ajdifds](1)" classname="com.inetBanking.testCases.TC_LoginDDT_002" time="13.536">
    <system-out><![CDATA[00:40:37.189 [main] INFO  com.inetBanking.testCases.BaseClass - setup method started
00:40:37.189 [main] INFO  com.inetBanking.testCases.BaseClass - Initializing WebDriver for browser: chrome
00:41:02.996 [main] DEBUG org.apache.poi.openxml4j.opc.PackageRelationshipCollection - Parsing relationship: /xl/_rels/workbook.xml.rels
00:41:03.018 [main] DEBUG org.apache.poi.openxml4j.opc.PackageRelationshipCollection - Parsing relationship: /xl/worksheets/_rels/sheet1.xml.rels
00:41:03.026 [main] DEBUG org.apache.poi.openxml4j.opc.PackageRelationshipCollection - Parsing relationship: /_rels/.rels
00:41:05.195 [main] DEBUG org.apache.poi.ooxml.POIXMLFactory - using default POIXMLDocumentPart for http://schemas.openxmlformats.org/officeDocument/2006/relationships/printerSettings
00:41:05.605 [main] DEBUG org.apache.poi.openxml4j.opc.PackageRelationshipCollection - Parsing relationship: /xl/_rels/workbook.xml.rels
00:41:05.621 [main] DEBUG org.apache.poi.openxml4j.opc.PackageRelationshipCollection - Parsing relationship: /xl/worksheets/_rels/sheet1.xml.rels
00:41:05.634 [main] DEBUG org.apache.poi.openxml4j.opc.PackageRelationshipCollection - Parsing relationship: /_rels/.rels
00:41:05.704 [main] DEBUG org.apache.poi.ooxml.POIXMLFactory - using default POIXMLDocumentPart for http://schemas.openxmlformats.org/officeDocument/2006/relationships/printerSettings
00:41:05.766 [main] DEBUG org.apache.poi.openxml4j.opc.PackageRelationshipCollection - Parsing relationship: /xl/_rels/workbook.xml.rels
00:41:05.770 [main] DEBUG org.apache.poi.openxml4j.opc.PackageRelationshipCollection - Parsing relationship: /xl/worksheets/_rels/sheet1.xml.rels
00:41:05.772 [main] DEBUG org.apache.poi.openxml4j.opc.PackageRelationshipCollection - Parsing relationship: /_rels/.rels
00:41:05.791 [main] DEBUG org.apache.poi.ooxml.POIXMLFactory - using default POIXMLDocumentPart for http://schemas.openxmlformats.org/officeDocument/2006/relationships/printerSettings
00:41:05.930 [main] DEBUG org.apache.poi.openxml4j.opc.PackageRelationshipCollection - Parsing relationship: /xl/_rels/workbook.xml.rels
00:41:05.935 [main] DEBUG org.apache.poi.openxml4j.opc.PackageRelationshipCollection - Parsing relationship: /xl/worksheets/_rels/sheet1.xml.rels
00:41:05.948 [main] DEBUG org.apache.poi.openxml4j.opc.PackageRelationshipCollection - Parsing relationship: /_rels/.rels
00:41:05.978 [main] DEBUG org.apache.poi.ooxml.POIXMLFactory - using default POIXMLDocumentPart for http://schemas.openxmlformats.org/officeDocument/2006/relationships/printerSettings
00:41:06.011 [main] DEBUG org.apache.poi.openxml4j.opc.PackageRelationshipCollection - Parsing relationship: /xl/_rels/workbook.xml.rels
00:41:06.014 [main] DEBUG org.apache.poi.openxml4j.opc.PackageRelationshipCollection - Parsing relationship: /xl/worksheets/_rels/sheet1.xml.rels
00:41:06.016 [main] DEBUG org.apache.poi.openxml4j.opc.PackageRelationshipCollection - Parsing relationship: /_rels/.rels
00:41:06.068 [main] DEBUG org.apache.poi.ooxml.POIXMLFactory - using default POIXMLDocumentPart for http://schemas.openxmlformats.org/officeDocument/2006/relationships/printerSettings
00:41:06.096 [main] DEBUG org.apache.poi.openxml4j.opc.PackageRelationshipCollection - Parsing relationship: /xl/_rels/workbook.xml.rels
00:41:06.100 [main] DEBUG org.apache.poi.openxml4j.opc.PackageRelationshipCollection - Parsing relationship: /xl/worksheets/_rels/sheet1.xml.rels
00:41:06.103 [main] DEBUG org.apache.poi.openxml4j.opc.PackageRelationshipCollection - Parsing relationship: /_rels/.rels
00:41:06.125 [main] DEBUG org.apache.poi.ooxml.POIXMLFactory - using default POIXMLDocumentPart for http://schemas.openxmlformats.org/officeDocument/2006/relationships/printerSettings
00:41:06.153 [main] DEBUG org.apache.poi.openxml4j.opc.PackageRelationshipCollection - Parsing relationship: /xl/_rels/workbook.xml.rels
00:41:06.154 [main] DEBUG org.apache.poi.openxml4j.opc.PackageRelationshipCollection - Parsing relationship: /xl/worksheets/_rels/sheet1.xml.rels
00:41:06.156 [main] DEBUG org.apache.poi.openxml4j.opc.PackageRelationshipCollection - Parsing relationship: /_rels/.rels
00:41:06.177 [main] DEBUG org.apache.poi.ooxml.POIXMLFactory - using default POIXMLDocumentPart for http://schemas.openxmlformats.org/officeDocument/2006/relationships/printerSettings
00:41:06.201 [main] DEBUG org.apache.poi.openxml4j.opc.PackageRelationshipCollection - Parsing relationship: /xl/_rels/workbook.xml.rels
00:41:06.203 [main] DEBUG org.apache.poi.openxml4j.opc.PackageRelationshipCollection - Parsing relationship: /xl/worksheets/_rels/sheet1.xml.rels
00:41:06.208 [main] DEBUG org.apache.poi.openxml4j.opc.PackageRelationshipCollection - Parsing relationship: /_rels/.rels
00:41:06.262 [main] DEBUG org.apache.poi.ooxml.POIXMLFactory - using default POIXMLDocumentPart for http://schemas.openxmlformats.org/officeDocument/2006/relationships/printerSettings
00:41:06.352 [main] DEBUG org.apache.poi.openxml4j.opc.PackageRelationshipCollection - Parsing relationship: /xl/_rels/workbook.xml.rels
00:41:06.355 [main] DEBUG org.apache.poi.openxml4j.opc.PackageRelationshipCollection - Parsing relationship: /xl/worksheets/_rels/sheet1.xml.rels
00:41:06.358 [main] DEBUG org.apache.poi.openxml4j.opc.PackageRelationshipCollection - Parsing relationship: /_rels/.rels
00:41:06.383 [main] DEBUG org.apache.poi.ooxml.POIXMLFactory - using default POIXMLDocumentPart for http://schemas.openxmlformats.org/officeDocument/2006/relationships/printerSettings
00:41:06.409 [main] DEBUG org.apache.poi.openxml4j.opc.PackageRelationshipCollection - Parsing relationship: /xl/_rels/workbook.xml.rels
00:41:06.410 [main] DEBUG org.apache.poi.openxml4j.opc.PackageRelationshipCollection - Parsing relationship: /xl/worksheets/_rels/sheet1.xml.rels
00:41:06.414 [main] DEBUG org.apache.poi.openxml4j.opc.PackageRelationshipCollection - Parsing relationship: /_rels/.rels
00:41:06.451 [main] DEBUG org.apache.poi.ooxml.POIXMLFactory - using default POIXMLDocumentPart for http://schemas.openxmlformats.org/officeDocument/2006/relationships/printerSettings
00:41:06.486 [main] DEBUG org.apache.poi.openxml4j.opc.PackageRelationshipCollection - Parsing relationship: /xl/_rels/workbook.xml.rels
00:41:06.490 [main] DEBUG org.apache.poi.openxml4j.opc.PackageRelationshipCollection - Parsing relationship: /xl/worksheets/_rels/sheet1.xml.rels
00:41:06.496 [main] DEBUG org.apache.poi.openxml4j.opc.PackageRelationshipCollection - Parsing relationship: /_rels/.rels
00:41:06.527 [main] DEBUG org.apache.poi.ooxml.POIXMLFactory - using default POIXMLDocumentPart for http://schemas.openxmlformats.org/officeDocument/2006/relationships/printerSettings
00:41:06.571 [main] DEBUG org.apache.poi.openxml4j.opc.PackageRelationshipCollection - Parsing relationship: /xl/_rels/workbook.xml.rels
00:41:06.574 [main] DEBUG org.apache.poi.openxml4j.opc.PackageRelationshipCollection - Parsing relationship: /xl/worksheets/_rels/sheet1.xml.rels
00:41:06.575 [main] DEBUG org.apache.poi.openxml4j.opc.PackageRelationshipCollection - Parsing relationship: /_rels/.rels
00:41:06.593 [main] DEBUG org.apache.poi.ooxml.POIXMLFactory - using default POIXMLDocumentPart for http://schemas.openxmlformats.org/officeDocument/2006/relationships/printerSettings
00:41:10.277 [main] INFO  com.inetBanking.testCases.BaseClass - user name provided
00:41:11.994 [main] INFO  com.inetBanking.testCases.BaseClass -  password provided
]]></system-out>
  </testcase>
  <testcase name="loginDDT[mssdfjsa, msdffsds](2)" classname="com.inetBanking.testCases.TC_LoginDDT_002" time="11.101">
    <system-out><![CDATA[00:41:22.533 [main] INFO  com.inetBanking.testCases.BaseClass - user name provided
00:41:23.514 [main] INFO  com.inetBanking.testCases.BaseClass -  password provided
]]></system-out>
  </testcase>
  <testcase name="loginDDT[mngr573675, ArymEru](3)" classname="com.inetBanking.testCases.TC_LoginDDT_002" time="14.586">
    <system-out><![CDATA[00:41:34.082 [main] INFO  com.inetBanking.testCases.BaseClass - user name provided
00:41:34.253 [main] INFO  com.inetBanking.testCases.BaseClass -  password provided
]]></system-out>
  </testcase>
  <testcase name="loginDDT[jukoihk, Ajdifds](4)" classname="com.inetBanking.testCases.TC_LoginDDT_002" time="9.013">
    <system-out><![CDATA[00:41:47.993 [main] INFO  com.inetBanking.testCases.BaseClass - user name provided
00:41:48.114 [main] INFO  com.inetBanking.testCases.BaseClass -  password provided
]]></system-out>
  </testcase>
  <testcase name="loginDDT[sdwegs, sdfa](5)" classname="com.inetBanking.testCases.TC_LoginDDT_002" time="15.352">
    <system-out><![CDATA[00:41:58.179 [main] INFO  com.inetBanking.testCases.BaseClass - user name provided
00:42:03.443 [main] INFO  com.inetBanking.testCases.BaseClass -  password provided
]]></system-out>
  </testcase>
  <testcase name="addNewCustomer" classname="com.inetBanking.testCases.TC_AddCustomerTest_003" time="53.044">
    <failure message="unexpected alert open: {Alert text : Customer could not be added !!}&#10;  (Session info: chrome=125.0.6422.142): Customer could not be added !!&#10;Build info: version: &apos;4.21.0&apos;, revision: &apos;79ed462ef4&apos;&#10;System info: os.name: &apos;Windows 11&apos;, os.arch: &apos;amd64&apos;, os.version: &apos;10.0&apos;, java.version: &apos;21.0.2&apos;&#10;Driver info: org.openqa.selenium.chrome.ChromeDriver&#10;Command: [08f17f36ffa8f5e11a33ad7704ac45c4, getPageSource {}]&#10;Capabilities {acceptInsecureCerts: false, browserName: chrome, browserVersion: 125.0.6422.142, chrome: {chromedriverVersion: 125.0.6422.141 (4b1e8393712..., userDataDir: C:\WINDOWS\SystemTemp\scope...}, fedcm:accounts: true, goog:chromeOptions: {debuggerAddress: localhost:56455}, networkConnectionEnabled: false, pageLoadStrategy: normal, platformName: windows, proxy: Proxy(), se:cdp: ws://localhost:56455/devtoo..., se:cdpVersion: 125.0.6422.142, setWindowRect: true, strictFileInteractability: false, timeouts: {implicit: 0, pageLoad: 300000, script: 30000}, unhandledPromptBehavior: dismiss and notify, webauthn:extension:credBlob: true, webauthn:extension:largeBlob: true, webauthn:extension:minPinLength: true, webauthn:extension:prf: true, webauthn:virtualAuthenticators: true}&#10;Session ID: 08f17f36ffa8f5e11a33ad7704ac45c4" type="org.openqa.selenium.UnhandledAlertException"><![CDATA[org.openqa.selenium.UnhandledAlertException: 
unexpected alert open: {Alert text : Customer could not be added !!}
  (Session info: chrome=125.0.6422.142): Customer could not be added !!
Build info: version: '4.21.0', revision: '79ed462ef4'
System info: os.name: 'Windows 11', os.arch: 'amd64', os.version: '10.0', java.version: '21.0.2'
Driver info: org.openqa.selenium.chrome.ChromeDriver
Command: [08f17f36ffa8f5e11a33ad7704ac45c4, getPageSource {}]
Capabilities {acceptInsecureCerts: false, browserName: chrome, browserVersion: 125.0.6422.142, chrome: {chromedriverVersion: 125.0.6422.141 (4b1e8393712..., userDataDir: C:\WINDOWS\SystemTemp\scope...}, fedcm:accounts: true, goog:chromeOptions: {debuggerAddress: localhost:56455}, networkConnectionEnabled: false, pageLoadStrategy: normal, platformName: windows, proxy: Proxy(), se:cdp: ws://localhost:56455/devtoo..., se:cdpVersion: 125.0.6422.142, setWindowRect: true, strictFileInteractability: false, timeouts: {implicit: 0, pageLoad: 300000, script: 30000}, unhandledPromptBehavior: dismiss and notify, webauthn:extension:credBlob: true, webauthn:extension:largeBlob: true, webauthn:extension:minPinLength: true, webauthn:extension:prf: true, webauthn:virtualAuthenticators: true}
Session ID: 08f17f36ffa8f5e11a33ad7704ac45c4
	at org.openqa.selenium.remote.codec.w3c.W3CHttpResponseCodec.decode(W3CHttpResponseCodec.java:136)
	at org.openqa.selenium.remote.codec.w3c.W3CHttpResponseCodec.decode(W3CHttpResponseCodec.java:50)
	at org.openqa.selenium.remote.HttpCommandExecutor.execute(HttpCommandExecutor.java:190)
	at org.openqa.selenium.remote.service.DriverCommandExecutor.invokeExecute(DriverCommandExecutor.java:216)
	at org.openqa.selenium.remote.service.DriverCommandExecutor.execute(DriverCommandExecutor.java:174)
	at org.openqa.selenium.remote.RemoteWebDriver.execute(RemoteWebDriver.java:518)
	at org.openqa.selenium.remote.RemoteWebDriver.execute(RemoteWebDriver.java:591)
	at org.openqa.selenium.remote.RemoteWebDriver.execute(RemoteWebDriver.java:595)
	at org.openqa.selenium.remote.RemoteWebDriver.getPageSource(RemoteWebDriver.java:381)
	at com.inetBanking.testCases.TC_AddCustomerTest_003.addNewCustomer(TC_AddCustomerTest_003.java:58)
	at java.base/jdk.internal.reflect.DirectMethodHandleAccessor.invoke(DirectMethodHandleAccessor.java:103)
	at java.base/java.lang.reflect.Method.invoke(Method.java:580)
	at org.testng.internal.invokers.MethodInvocationHelper.invokeMethod(MethodInvocationHelper.java:139)
	at org.testng.internal.invokers.TestInvoker.invokeMethod(TestInvoker.java:664)
	at org.testng.internal.invokers.TestInvoker.invokeTestMethod(TestInvoker.java:228)
	at org.testng.internal.invokers.MethodRunner.runInSequence(MethodRunner.java:63)
	at org.testng.internal.invokers.TestInvoker$MethodInvocationAgent.invoke(TestInvoker.java:961)
	at org.testng.internal.invokers.TestInvoker.invokeTestMethods(TestInvoker.java:201)
	at org.testng.internal.invokers.TestMethodWorker.invokeTestMethods(TestMethodWorker.java:148)
	at org.testng.internal.invokers.TestMethodWorker.run(TestMethodWorker.java:128)
	at java.base/java.util.ArrayList.forEach(ArrayList.java:1596)
	at org.testng.TestRunner.privateRun(TestRunner.java:819)
	at org.testng.TestRunner.run(TestRunner.java:619)
	at org.testng.SuiteRunner.runTest(SuiteRunner.java:443)
	at org.testng.SuiteRunner.runSequentially(SuiteRunner.java:437)
	at org.testng.SuiteRunner.privateRun(SuiteRunner.java:397)
	at org.testng.SuiteRunner.run(SuiteRunner.java:336)
	at org.testng.SuiteRunnerWorker.runSuite(SuiteRunnerWorker.java:52)
	at org.testng.SuiteRunnerWorker.run(SuiteRunnerWorker.java:95)
	at org.testng.TestNG.runSuitesSequentially(TestNG.java:1301)
	at org.testng.TestNG.runSuitesLocally(TestNG.java:1228)
	at org.testng.TestNG.runSuites(TestNG.java:1134)
	at org.testng.TestNG.run(TestNG.java:1101)
	at org.apache.maven.surefire.testng.TestNGExecutor.run(TestNGExecutor.java:308)
	at org.apache.maven.surefire.testng.TestNGXmlTestSuite.execute(TestNGXmlTestSuite.java:71)
	at org.apache.maven.surefire.testng.TestNGProvider.invoke(TestNGProvider.java:113)
	at org.apache.maven.surefire.booter.ForkedBooter.runSuitesInProcess(ForkedBooter.java:385)
	at org.apache.maven.surefire.booter.ForkedBooter.execute(ForkedBooter.java:162)
	at org.apache.maven.surefire.booter.ForkedBooter.run(ForkedBooter.java:507)
	at org.apache.maven.surefire.booter.ForkedBooter.main(ForkedBooter.java:495)
]]></failure>
    <system-out><![CDATA[00:42:21.017 [main] INFO  com.inetBanking.testCases.BaseClass - setup method started
00:42:21.021 [main] INFO  com.inetBanking.testCases.BaseClass - Initializing WebDriver for browser: chrome
00:42:53.733 [main] INFO  com.inetBanking.testCases.BaseClass - username provided
00:42:58.296 [main] INFO  com.inetBanking.testCases.BaseClass - password provided
00:43:05.748 [main] INFO  com.inetBanking.testCases.BaseClass - Login Successful
00:43:11.127 [main] INFO  com.inetBanking.testCases.BaseClass - providing customer details....
00:43:33.875 [main] INFO  com.inetBanking.testCases.BaseClass - validation started....
Screenshot taken
]]></system-out>
  </testcase>
</testsuite>