<?xml version="1.0" encoding="UTF-8"?>
<!-- Generated by org.testng.reporters.JUnitReportReporter -->
<testsuite hostname="LAPTOP-OO2KNHIE" failures="0" tests="1" name="com.inetBanking.testCases.TC_AddCustomerTest_003" time="24.219" errors="0" timestamp="2024-05-31T14:30:43 IST" skipped="0">
  <testcase classname="com.inetBanking.testCases.TC_AddCustomerTest_003" name="addNewCustomer" time="24.219"/>
</testsuite> <!-- com.inetBanking.testCases.TC_AddCustomerTest_003 -->
