<?xml version="1.0" encoding="UTF-8"?>
<!-- Generated by org.testng.reporters.JUnitReportReporter -->
<testsuite hostname="LAPTOP-OO2KNHIE" failures="0" tests="1" name="com.inetBanking.testCases.TC_AddCustomerTest_003" time="48.811" errors="0" timestamp="2024-06-02T20:09:58 IST" skipped="0">
  <testcase classname="com.inetBanking.testCases.TC_AddCustomerTest_003" name="addNewCustomer" time="48.811"/>
</testsuite> <!-- com.inetBanking.testCases.TC_AddCustomerTest_003 -->
