<?xml version="1.0" encoding="UTF-8"?>
<!-- Generated by org.testng.reporters.JUnitReportReporter -->
<testsuite hostname="LAPTOP-OO2KNHIE" failures="0" tests="1" name="com.inetBanking.testCases.TC_LoginTest_001" time="2.885" errors="0" timestamp="2024-05-31T14:30:43 IST" skipped="0">
  <testcase classname="com.inetBanking.testCases.TC_LoginTest_001" name="loginTest" time="2.885"/>
</testsuite> <!-- com.inetBanking.testCases.TC_LoginTest_001 -->
