<?xml version="1.0" encoding="UTF-8"?>
<!-- Generated by org.testng.reporters.JUnitReportReporter -->
<testsuite hostname="LAPTOP-OO2KNHIE" failures="0" tests="5" name="com.inetBanking.testCases.TC_LoginDDT_002" time="63.569" errors="0" timestamp="2024-06-01T00:43:44 IST" skipped="0">
  <testcase classname="com.inetBanking.testCases.TC_LoginDDT_002" name="loginDDT" time="14.583"/>
  <testcase classname="com.inetBanking.testCases.TC_LoginDDT_002" name="loginDDT" time="15.333"/>
  <testcase classname="com.inetBanking.testCases.TC_LoginDDT_002" name="loginDDT" time="11.109"/>
  <testcase classname="com.inetBanking.testCases.TC_LoginDDT_002" name="loginDDT" time="13.527"/>
  <testcase classname="com.inetBanking.testCases.TC_LoginDDT_002" name="loginDDT" time="9.017"/>
</testsuite> <!-- com.inetBanking.testCases.TC_LoginDDT_002 -->
